[STARTUP][WARN] Preferred zero-copy decode path requires Linux GPU interop (CUDA or VAAPI render node); falling back to hardware CPU-upload or software decode.
[STARTUP] Building explorer pane...
[STARTUP] Explorer pane built in 69 ms
[STARTUP] Building editor pane...
[icons] transport resource(s) missing (8); using built-in fallback glyphs
qt.vulkan: Vulkan init (libvulkan.dylib)
qt.vulkan: Supported Vulkan instance layers: QList()
qt.vulkan: Supported Vulkan instance extensions: QList(QVulkanExtension("VK_KHR_device_group_creation" 1), QVulkanExtension("VK_KHR_external_fence_capabilities" 1), QVulkanExtension("VK_KHR_external_memory_capabilities" 1), QVulkanExtension("VK_KHR_external_semaphore_capabilities" 1), QVulkanExtension("VK_KHR_get_physical_device_properties2" 2), QVulkanExtension("VK_KHR_get_surface_capabilities2" 1), QVulkanExtension("VK_KHR_surface" 25), QVulkanExtension("VK_KHR_surface_maintenance1" 1), QVulkanExtension("VK_KHR_surface_protected_capabilities" 1), QVulkanExtension("VK_EXT_debug_report" 10), QVulkanExtension("VK_EXT_debug_utils" 2), QVulkanExtension("VK_EXT_headless_surface" 1), QVulkanExtension("VK_EXT_layer_settings" 2), QVulkanExtension("VK_EXT_metal_surface" 1), QVulkanExtension("VK_EXT_surface_maintenance1" 1), QVulkanExtension("VK_EXT_swapchain_colorspace" 5), QVulkanExtension("VK_MVK_macos_surface" 3), QVulkanExtension("VK_KHR_portability_enumeration" 1), QVulkanExtension("VK_LUNARG_direct_driver_loading" 1))
[vulkan-preview] requested instance extensions=VK_KHR_surface
qt.vulkan: Enabling Vulkan instance layers: QList()
qt.vulkan: Enabling Vulkan instance extensions: QList("VK_KHR_surface", "VK_KHR_surface", "VK_KHR_portability_enumeration", "VK_EXT_debug_utils", "VK_EXT_metal_surface", "VK_MVK_macos_surface")
qt.vulkan: 1 physical devices
qt.vulkan: Physical device [0]: name 'Apple M1' version 0.2.2209
qt.vulkan: Supported device extensions: QList(QVulkanExtension("VK_KHR_16bit_storage" 1), QVulkanExtension("VK_KHR_8bit_storage" 1), QVulkanExtension("VK_KHR_bind_memory2" 1), QVulkanExtension("VK_KHR_buffer_device_address" 1), QVulkanExtension("VK_KHR_calibrated_timestamps" 1), QVulkanExtension("VK_KHR_copy_commands2" 1), QVulkanExtension("VK_KHR_create_renderpass2" 1), QVulkanExtension("VK_KHR_dedicated_allocation" 3), QVulkanExtension("VK_KHR_deferred_host_operations" 4), QVulkanExtension("VK_KHR_depth_stencil_resolve" 1), QVulkanExtension("VK_KHR_descriptor_update_template" 1), QVulkanExtension("VK_KHR_device_group" 4), QVulkanExtension("VK_KHR_driver_properties" 1), QVulkanExtension("VK_KHR_dynamic_rendering" 1), QVulkanExtension("VK_KHR_dynamic_rendering_local_read" 1), QVulkanExtension("VK_KHR_external_fence" 1), QVulkanExtension("VK_KHR_external_memory" 1), QVulkanExtension("VK_KHR_external_semaphore" 1), QVulkanExtension("VK_KHR_format_feature_flags2" 2), QVulkanExtension("VK_KHR_fragment_shader_barycentric" 1), QVulkanExtension("VK_KHR_get_memory_requirements2" 1), QVulkanExtension("VK_KHR_global_priority" 1), QVulkanExtension("VK_KHR_image_format_list" 1), QVulkanExtension("VK_KHR_imageless_framebuffer" 1), QVulkanExtension("VK_KHR_incremental_present" 2), QVulkanExtension("VK_KHR_index_type_uint8" 1), QVulkanExtension("VK_KHR_line_rasterization" 1), QVulkanExtension("VK_KHR_load_store_op_none" 1), QVulkanExtension("VK_KHR_maintenance1" 2), QVulkanExtension("VK_KHR_maintenance2" 1), QVulkanExtension("VK_KHR_maintenance3" 1), QVulkanExtension("VK_KHR_maintenance4" 2), QVulkanExtension("VK_KHR_maintenance5" 1), QVulkanExtension("VK_KHR_maintenance6" 1), QVulkanExtension("VK_KHR_maintenance7" 1), QVulkanExtension("VK_KHR_maintenance8" 1), QVulkanExtension("VK_KHR_maintenance9" 1), QVulkanExtension("VK_KHR_map_memory2" 1), QVulkanExtension("VK_KHR_multiview" 1), QVulkanExtension("VK_KHR_portability_subset" 1), QVulkanExtension("VK_KHR_present_id" 1), QVulkanExtension("VK_KHR_present_id2" 1), QVulkanExtension("VK_KHR_present_wait" 1), QVulkanExtension("VK_KHR_present_wait2" 1), QVulkanExtension("VK_KHR_push_descriptor" 2), QVulkanExtension("VK_KHR_relaxed_block_layout" 1), QVulkanExtension("VK_KHR_robustness2" 1), QVulkanExtension("VK_KHR_sampler_mirror_clamp_to_edge" 3), QVulkanExtension("VK_KHR_sampler_ycbcr_conversion" 14), QVulkanExtension("VK_KHR_separate_depth_stencil_layouts" 1), QVulkanExtension("VK_KHR_shader_draw_parameters" 1), QVulkanExtension("VK_KHR_shader_expect_assume" 1), QVulkanExtension("VK_KHR_shader_float_controls" 4), QVulkanExtension("VK_KHR_shader_float_controls2" 1), QVulkanExtension("VK_KHR_shader_float16_int8" 1), QVulkanExtension("VK_KHR_shader_fma" 1), QVulkanExtension("VK_KHR_shader_integer_dot_product" 1), QVulkanExtension("VK_KHR_shader_maximal_reconvergence" 1), QVulkanExtension("VK_KHR_shader_non_semantic_info" 1), QVulkanExtension("VK_KHR_shader_quad_control" 1), QVulkanExtension("VK_KHR_shader_relaxed_extended_instruction" 1), QVulkanExtension("VK_KHR_shader_subgroup_extended_types" 1), QVulkanExtension("VK_KHR_shader_subgroup_rotate" 2), QVulkanExtension("VK_KHR_shader_subgroup_uniform_control_flow" 1), QVulkanExtension("VK_KHR_shader_terminate_invocation" 1), QVulkanExtension("VK_KHR_spirv_1_4" 1), QVulkanExtension("VK_KHR_storage_buffer_storage_class" 1), QVulkanExtension("VK_KHR_swapchain" 70), QVulkanExtension("VK_KHR_swapchain_maintenance1" 1), QVulkanExtension("VK_KHR_swapchain_mutable_format" 1), QVulkanExtension("VK_KHR_synchronization2" 1), QVulkanExtension("VK_KHR_timeline_semaphore" 2), QVulkanExtension("VK_KHR_uniform_buffer_standard_layout" 1), QVulkanExtension("VK_KHR_variable_pointers" 1), QVulkanExtension("VK_KHR_vertex_attribute_divisor" 1), QVulkanExtension("VK_KHR_vulkan_memory_model" 3), QVulkanExtension("VK_KHR_zero_initialize_workgroup_memory" 1), QVulkanExtension("VK_EXT_4444_formats" 1), QVulkanExtension("VK_EXT_buffer_device_address" 2), QVulkanExtension("VK_EXT_calibrated_timestamps" 2), QVulkanExtension("VK_EXT_debug_marker" 4), QVulkanExtension("VK_EXT_depth_clip_control" 1), QVulkanExtension("VK_EXT_descriptor_indexing" 2), QVulkanExtension("VK_EXT_extended_dynamic_state" 1), QVulkanExtension("VK_EXT_extended_dynamic_state2" 1), QVulkanExtension("VK_EXT_extended_dynamic_state3" 2), QVulkanExtension("VK_EXT_external_memory_host" 1), QVulkanExtension("VK_EXT_external_memory_metal" 1), QVulkanExtension("VK_EXT_fragment_shader_interlock" 1), QVulkanExtension("VK_EXT_global_priority" 2), QVulkanExtension("VK_EXT_global_priority_query" 1), QVulkanExtension("VK_EXT_hdr_metadata" 3), QVulkanExtension("VK_EXT_host_image_copy" 1), QVulkanExtension("VK_EXT_host_query_reset" 1), QVulkanExtension("VK_EXT_image_2d_view_of_3d" 1), QVulkanExtension("VK_EXT_image_robustness" 1), QVulkanExtension("VK_EXT_index_type_uint8" 1), QVulkanExtension("VK_EXT_inline_uniform_block" 1), QVulkanExtension("VK_EXT_line_rasterization" 1), QVulkanExtension("VK_EXT_load_store_op_none" 1), QVulkanExtension("VK_EXT_memory_budget" 1), QVulkanExtension("VK_EXT_metal_objects" 2), QVulkanExtension("VK_EXT_pipeline_creation_cache_control" 3), QVulkanExtension("VK_EXT_pipeline_creation_feedback" 1), QVulkanExtension("VK_EXT_pipeline_robustness" 1), QVulkanExtension("VK_EXT_post_depth_coverage" 1), QVulkanExtension("VK_EXT_private_data" 1), QVulkanExtension("VK_EXT_robustness2" 1), QVulkanExtension("VK_EXT_sample_locations" 1), QVulkanExtension("VK_EXT_scalar_block_layout" 1), QVulkanExtension("VK_EXT_separate_stencil_usage" 1), QVulkanExtension("VK_EXT_shader_atomic_float" 1), QVulkanExtension("VK_EXT_shader_demote_to_helper_invocation" 1), QVulkanExtension("VK_EXT_shader_stencil_export" 1), QVulkanExtension("VK_EXT_shader_subgroup_ballot" 1), QVulkanExtension("VK_EXT_shader_subgroup_vote" 1), QVulkanExtension("VK_EXT_shader_viewport_index_layer" 1), QVulkanExtension("VK_EXT_subgroup_size_control" 2), QVulkanExtension("VK_EXT_swapchain_maintenance1" 1), QVulkanExtension("VK_EXT_texel_buffer_alignment" 1), QVulkanExtension("VK_EXT_texture_compression_astc_hdr" 1), QVulkanExtension("VK_EXT_tooling_info" 1), QVulkanExtension("VK_EXT_vertex_attribute_divisor" 3), QVulkanExtension("VK_AMD_gpu_shader_half_float" 2), QVulkanExtension("VK_AMD_negative_viewport_height" 1), QVulkanExtension("VK_AMD_shader_image_load_store_lod" 1), QVulkanExtension("VK_AMD_shader_trinary_minmax" 1), QVulkanExtension("VK_GOOGLE_display_timing" 1), QVulkanExtension("VK_IMG_format_pvrtc" 1), QVulkanExtension("VK_INTEL_shader_integer_functions2" 1), QVulkanExtension("VK_NV_fragment_shader_barycentric" 1))
[vulkan-preview] requested device extensions=VK_KHR_external_memory,VK_KHR_external_semaphore,VK_KHR_bind_memory2
[render-backend-selection] requested=vulkan effective=vulkan reason="Using direct Vulkan swapchain preview presenter (explicit mode)."
[STARTUP] Editor pane built in 115 ms
ControlServer listening on http://127.0.0.1:40130
[ControlServer] Initialized on port 40130
[STARTUP] ControlServer started in 380 ms
qt.vulkan: Vulkan init (libvulkan.dylib)
qt.vulkan: Supported Vulkan instance layers: QList()
qt.vulkan: Supported Vulkan instance extensions: QList(QVulkanExtension("VK_KHR_device_group_creation" 1), QVulkanExtension("VK_KHR_external_fence_capabilities" 1), QVulkanExtension("VK_KHR_external_memory_capabilities" 1), QVulkanExtension("VK_KHR_external_semaphore_capabilities" 1), QVulkanExtension("VK_KHR_get_physical_device_properties2" 2), QVulkanExtension("VK_KHR_get_surface_capabilities2" 1), QVulkanExtension("VK_KHR_surface" 25), QVulkanExtension("VK_KHR_surface_maintenance1" 1), QVulkanExtension("VK_KHR_surface_protected_capabilities" 1), QVulkanExtension("VK_EXT_debug_report" 10), QVulkanExtension("VK_EXT_debug_utils" 2), QVulkanExtension("VK_EXT_headless_surface" 1), QVulkanExtension("VK_EXT_layer_settings" 2), QVulkanExtension("VK_EXT_metal_surface" 1), QVulkanExtension("VK_EXT_surface_maintenance1" 1), QVulkanExtension("VK_EXT_swapchain_colorspace" 5), QVulkanExtension("VK_MVK_macos_surface" 3), QVulkanExtension("VK_KHR_portability_enumeration" 1), QVulkanExtension("VK_LUNARG_direct_driver_loading" 1))
qt.vulkan: Enabling Vulkan instance layers: QList()
qt.vulkan: Enabling Vulkan instance extensions: QList("VK_KHR_surface", "VK_KHR_portability_enumeration", "VK_EXT_debug_utils", "VK_EXT_metal_surface", "VK_MVK_macos_surface")
AsyncDecoder: shared hw device created for type 6 ( "videotoolbox" )
AsyncDecoder: shared hw device unavailable for type 2 ( "cuda" ) — decoders requiring this type will fall back
AsyncDecoder: shared hw device unavailable for type 3 ( "vaapi" ) — decoders requiring this type will fall back
AsyncDecoder initialized with 8 workers
qt.vulkan: QVulkanWindow init
qt.vulkan: Using physical device [0]
qt.vulkan: queue family 0: flags=0x7 count=1 supportsPresent=1
qt.vulkan: queue family 1: flags=0x7 count=1 supportsPresent=1
qt.vulkan: queue family 2: flags=0x7 count=1 supportsPresent=1
qt.vulkan: queue family 3: flags=0x7 count=1 supportsPresent=1
qt.vulkan: Using queue families: graphics = 0 present = 0
qt.vulkan: Enabling device extensions: QList(VK_KHR_external_memory, VK_KHR_external_semaphore, VK_KHR_bind_memory2, VK_KHR_swapchain)
qt.vulkan: memtype 0: flags=0x1
qt.vulkan: memtype 1: flags=0xf
qt.vulkan: memtype 2: flags=0x11
qt.vulkan: Picked memtype 1 for host visible memory
qt.vulkan: Picked memtype 0 for device local memory
qt.vulkan: Color format: 44 Depth-stencil format: 130
[vulkan-preview] direct presenter device=Apple M1 vendor=0x106b type=1
vkDebug: VK_ERROR_FEATURE_NOT_PRESENT: Metal does not support disabling primitive restart.
vkDebug: VK_ERROR_FEATURE_NOT_PRESENT: Metal does not support disabling primitive restart.
vkDebug: VK_ERROR_FEATURE_NOT_PRESENT: Metal does not support disabling primitive restart.
vkDebug: VK_ERROR_FEATURE_NOT_PRESENT: Metal does not support disabling primitive restart.
vkDebug: VK_ERROR_FEATURE_NOT_PRESENT: Metal does not support disabling primitive restart.
qt.vulkan: Creating new swap chain of 3 buffers, size 878x529
qt.vulkan: Actual swap chain buffer count: 3 (supportsReadback=1)
qt.vulkan: Allocating 2703360 bytes for transient image (memtype 2)
